<?xml version="1.0" encoding="UTF-8"?>
<!-- Generated by org.testng.reporters.JUnitReportReporter -->
<testsuite skipped="0" hostname="Smitts" name="switches.AlertHandling" tests="1" failures="0" timestamp="2020-11-01T21:36:05 CST" time="13.413" errors="0">
  <testcase name="f" time="13.413" classname="switches.AlertHandling"/>
  <system-out/>
</testsuite> <!-- switches.AlertHandling -->
