<?xml version="1.0" encoding="UTF-8"?>
<!-- Generated by org.testng.reporters.JUnitReportReporter -->
<testsuite skipped="1" hostname="Smitts" name="Mavenp.maven1t.NewTest1" tests="3" failures="0" timestamp="2020-10-05T18:32:28 CDT" time="0.014" errors="0">
  <testcase name="z" time="0.011" classname="Mavenp.maven1t.NewTest1"/>
  <system-out/>
  <testcase name="f" time="0.003" classname="Mavenp.maven1t.NewTest1"/>
  <system-out/>
  <testcase name="a" classname="Mavenp.maven1t.NewTest1">
    <skipped/>
  </testcase> <!-- a -->
  <system-out/>
</testsuite> <!-- Mavenp.maven1t.NewTest1 -->
